<?xml version="1.0" encoding="utf-8" standalone="no"?>
<!--This file represents the results of running a test suite-->
<test-results name="C:\dev\Mailer\ExceptionMailer.Tests\bin\Release\ExceptionMailer.Tests.dll" total="2" errors="0" failures="0" not-run="0" inconclusive="0" ignored="0" skipped="0" invalid="0" date="2012-06-20" time="11:03:25">
  <environment nunit-version="2.5.10.11092" clr-version="2.0.50727.5456" os-version="Microsoft Windows NT 6.1.7601 Service Pack 1" platform="Win32NT" cwd="C:\dev\Mailer\build" machine-name="0610-05005" user="smithri" user-domain="AUSODOM" />
  <culture-info current-culture="en-AU" current-uiculture="en-US" />
  <test-suite type="Assembly" name="C:\dev\Mailer\ExceptionMailer.Tests\bin\Release\ExceptionMailer.Tests.dll" executed="True" result="Success" success="True" time="1.925" asserts="0">
    <results>
      <test-suite type="Namespace" name="ExceptionMailer" executed="True" result="Success" success="True" time="1.913" asserts="0">
        <results>
          <test-suite type="Namespace" name="Tests" executed="True" result="Success" success="True" time="1.913" asserts="0">
            <results>
              <test-suite type="TestFixture" name="DatabaseIntegrationTests" executed="True" result="Success" success="True" time="0.049" asserts="0">
                <results>
                  <test-case name="ExceptionMailer.Tests.DatabaseIntegrationTests.Can_Save_TxProcEchoWebServiceRequests" executed="True" result="Success" success="True" time="0.020" asserts="0" />
                </results>
              </test-suite>
              <test-suite type="TestFixture" name="EchoSearchTimerPlugInTests" executed="True" result="Success" success="True" time="1.841" asserts="0">
                <results>
                  <test-case name="ExceptionMailer.Tests.EchoSearchTimerPlugInTests.Error_Sends_Email" executed="True" result="Success" success="True" time="1.588" asserts="0" />
                </results>
              </test-suite>
            </results>
          </test-suite>
        </results>
      </test-suite>
    </results>
  </test-suite>
</test-results>